0 info it worked if it ends with ok
1 verbose cli [ '/usr/local/heroku/bin/node', '/usr/bin/npm', 'run', 'start' ]
2 info using npm@3.10.10
3 info using node@v7.10.0
4 verbose run-script [ 'prestart', 'start', 'poststart' ]
5 info lifecycle cat-gif-generator@1.0.0~prestart: cat-gif-generator@1.0.0
6 silly lifecycle cat-gif-generator@1.0.0~prestart: no script for prestart, continuing
7 info lifecycle cat-gif-generator@1.0.0~start: cat-gif-generator@1.0.0
8 verbose lifecycle cat-gif-generator@1.0.0~start: unsafe-perm in lifecycle true
9 verbose lifecycle cat-gif-generator@1.0.0~start: PATH: /usr/lib/node_modules/npm/bin/node-gyp-bin:/home/davisk4rpi/version-control/react/cat-gif-generator/node_modules/.bin:/home/davisk4rpi/.rvm/gems/ruby-2.3.0/bin:/home/davisk4rpi/.rvm/gems/ruby-2.3.0@global/bin:/home/davisk4rpi/.rvm/rubies/ruby-2.3.0/bin:/home/davisk4rpi/bin:/home/davisk4rpi/.local/bin:/usr/local/heroku/bin:/home/davisk4rpi/bin:/home/davisk4rpi/.local/bin:/usr/local/sbin:/usr/local/bin:/usr/sbin:/usr/bin:/sbin:/bin:/usr/games:/usr/local/games:/snap/bin:/home/davisk4rpi/.rvm/bin:/snap/bin:/home/davisk4rpi/.rvm/bin:/home/davisk4rpi/.rvm/bin
10 verbose lifecycle cat-gif-generator@1.0.0~start: CWD: /home/davisk4rpi/version-control/react/cat-gif-generator
11 silly lifecycle cat-gif-generator@1.0.0~start: Args: [ '-c', 'node server.js' ]
12 silly lifecycle cat-gif-generator@1.0.0~start: Returned: code: 1  signal: null
13 info lifecycle cat-gif-generator@1.0.0~start: Failed to exec start script
14 verbose stack Error: cat-gif-generator@1.0.0 start: `node server.js`
14 verbose stack Exit status 1
14 verbose stack     at EventEmitter.<anonymous> (/usr/lib/node_modules/npm/lib/utils/lifecycle.js:255:16)
14 verbose stack     at emitTwo (events.js:106:13)
14 verbose stack     at EventEmitter.emit (events.js:194:7)
14 verbose stack     at ChildProcess.<anonymous> (/usr/lib/node_modules/npm/lib/utils/spawn.js:40:14)
14 verbose stack     at emitTwo (events.js:106:13)
14 verbose stack     at ChildProcess.emit (events.js:194:7)
14 verbose stack     at maybeClose (internal/child_process.js:899:16)
14 verbose stack     at Process.ChildProcess._handle.onexit (internal/child_process.js:226:5)
15 verbose pkgid cat-gif-generator@1.0.0
16 verbose cwd /home/davisk4rpi/version-control/react/cat-gif-generator
17 error Linux 4.10.0-28-generic
18 error argv "/usr/local/heroku/bin/node" "/usr/bin/npm" "run" "start"
19 error node v7.10.0
20 error npm  v3.10.10
21 error code ELIFECYCLE
22 error cat-gif-generator@1.0.0 start: `node server.js`
22 error Exit status 1
23 error Failed at the cat-gif-generator@1.0.0 start script 'node server.js'.
23 error Make sure you have the latest version of node.js and npm installed.
23 error If you do, this is most likely a problem with the cat-gif-generator package,
23 error not with npm itself.
23 error Tell the author that this fails on your system:
23 error     node server.js
23 error You can get information on how to open an issue for this project with:
23 error     npm bugs cat-gif-generator
23 error Or if that isn't available, you can get their info via:
23 error     npm owner ls cat-gif-generator
23 error There is likely additional logging output above.
24 verbose exit [ 1, true ]
